11:53:19.436 INFO  [background-preinit]org.hibernate.validator.internal.util.Version - HV000001: Hibernate Validator 8.0.3.Final
11:53:19.468 INFO  [main]com.example.p01.P01ApplicationTests - Starting P01ApplicationTests using Java 21.0.7 with PID 18256 (started by we908 in D:\java\java_project\p01)
11:53:19.469 INFO  [main]com.example.p01.P01ApplicationTests - No active profile set, falling back to 1 default profile: "default"
11:53:20.390 INFO  [main]o.s.d.r.config.RepositoryConfigurationDelegate - Bootstrapping Spring Data JPA repositories in DEFAULT mode.
11:53:20.584 INFO  [main]o.s.d.r.config.RepositoryConfigurationDelegate - Finished Spring Data repository scanning in 182 ms. Found 9 JPA repository interfaces.
11:53:21.291 INFO  [main]org.hibernate.jpa.internal.util.LogHelper - HHH000204: Processing PersistenceUnitInfo [name: default]
11:53:21.402 INFO  [main]org.hibernate.Version - HHH000412: Hibernate ORM core version 6.6.26.Final
11:53:21.460 INFO  [main]o.hibernate.cache.internal.RegionFactoryInitiator - HHH000026: Second-level cache disabled
11:53:21.747 INFO  [main]o.s.o.j.persistenceunit.SpringPersistenceUnitInfo - No LoadTimeWeaver setup: ignoring JPA class transformer
11:53:21.774 INFO  [main]com.zaxxer.hikari.HikariDataSource - HikariPool-1 - Starting...
11:53:21.938 INFO  [main]com.zaxxer.hikari.pool.HikariPool - HikariPool-1 - Added connection com.mysql.cj.jdbc.ConnectionImpl@18ac25e6
11:53:21.941 INFO  [main]com.zaxxer.hikari.HikariDataSource - HikariPool-1 - Start completed.
11:53:21.981 WARN  [main]org.hibernate.orm.deprecation - HHH90000025: MySQL8Dialect does not need to be specified explicitly using 'hibernate.dialect' (remove the property setting and it will be selected by default)
11:53:21.983 WARN  [main]org.hibernate.orm.deprecation - HHH90000026: MySQL8Dialect has been deprecated; use org.hibernate.dialect.MySQLDialect instead
11:53:22.000 INFO  [main]org.hibernate.orm.connections.pooling - HHH10001005: Database info:
	Database JDBC URL [Connecting through datasource 'HikariDataSource (HikariPool-1)']
	Database driver: undefined/unknown
	Database version: 8.0
	Autocommit mode: undefined/unknown
	Isolation level: undefined/unknown
	Minimum pool size: undefined/unknown
	Maximum pool size: undefined/unknown
11:53:22.313 WARN  [main]org.hibernate.mapping.RootClass - HHH000038: Composite-id class does not override equals(): com.example.p01.entity.ClockDateId
11:53:22.313 WARN  [main]org.hibernate.mapping.RootClass - HHH000039: Composite-id class does not override hashCode(): com.example.p01.entity.ClockDateId
11:53:22.314 WARN  [main]org.hibernate.mapping.RootClass - HHH000038: Composite-id class does not override equals(): com.example.p01.entity.SalaryId
11:53:22.314 WARN  [main]org.hibernate.mapping.RootClass - HHH000039: Composite-id class does not override hashCode(): com.example.p01.entity.SalaryId
11:53:22.314 WARN  [main]org.hibernate.mapping.RootClass - HHH000038: Composite-id class does not override equals(): com.example.p01.entity.PreScheduleId
11:53:22.314 WARN  [main]org.hibernate.mapping.RootClass - HHH000039: Composite-id class does not override hashCode(): com.example.p01.entity.PreScheduleId
11:53:22.314 WARN  [main]org.hibernate.mapping.RootClass - HHH000038: Composite-id class does not override equals(): com.example.p01.entity.ShiftWorkId
11:53:22.314 WARN  [main]org.hibernate.mapping.RootClass - HHH000039: Composite-id class does not override hashCode(): com.example.p01.entity.ShiftWorkId
11:53:22.858 INFO  [main]o.h.e.t.jta.platform.internal.JtaPlatformInitiator - HHH000489: No JTA platform available (set 'hibernate.transaction.jta.platform' to enable JTA platform integration)
11:53:22.916 INFO  [main]o.s.orm.jpa.LocalContainerEntityManagerFactoryBean - Initialized JPA EntityManagerFactory for persistence unit 'default'
11:53:23.274 INFO  [main]o.s.data.jpa.repository.query.QueryEnhancerFactory - Hibernate is in classpath; If applicable, HQL parser will be used.
11:53:24.584 INFO  [main]com.example.p01.service.impl.NewTableServiceImpl - AI API key loaded, length=51
11:53:25.052 WARN  [main]o.s.b.a.o.j.JpaBaseConfiguration$JpaWebConfiguration - spring.jpa.open-in-view is enabled by default. Therefore, database queries may be performed during view rendering. Explicitly configure spring.jpa.open-in-view to disable this warning
11:53:25.082 WARN  [main]o.s.b.a.s.s.UserDetailsServiceAutoConfiguration - 

Using generated security password: d2420927-c805-43ab-a597-b0c5a6dc5afa

This generated password is for development use only. Your security configuration must be updated before running your application in production.

11:53:25.089 INFO  [main]o.s.s.c.a.a.c.InitializeUserDetailsBeanManagerConfigurer$InitializeUserDetailsManagerConfigurer - Global AuthenticationManager configured with UserDetailsService bean with name inMemoryUserDetailsManager
11:53:25.497 INFO  [main]c.b.m.e.spring.MybatisPlusApplicationContextAware - Register ApplicationContext instances org.springframework.web.context.support.GenericWebApplicationContext@6293e39e
11:53:25.678 INFO  [main]com.example.p01.P01ApplicationTests - Started P01ApplicationTests in 6.552 seconds (process running for 8.485)
11:53:26.019 INFO  [SpringApplicationShutdownHook]o.s.orm.jpa.LocalContainerEntityManagerFactoryBean - Closing JPA EntityManagerFactory for persistence unit 'default'
11:53:26.022 INFO  [SpringApplicationShutdownHook]com.zaxxer.hikari.HikariDataSource - HikariPool-1 - Shutdown initiated...
11:53:26.027 INFO  [SpringApplicationShutdownHook]com.zaxxer.hikari.HikariDataSource - HikariPool-1 - Shutdown completed.
11:55:21.964 INFO  [background-preinit]org.hibernate.validator.internal.util.Version - HV000001: Hibernate Validator 8.0.3.Final
11:55:22.030 INFO  [main]com.example.p01.P01Application - Starting P01Application using Java 21.0.7 with PID 31192 (D:\java\java_project\p01\bin\main started by we908 in D:\java\java_project\p01)
11:55:22.031 INFO  [main]com.example.p01.P01Application - No active profile set, falling back to 1 default profile: "default"
11:55:22.942 INFO  [main]o.s.d.r.config.RepositoryConfigurationDelegate - Bootstrapping Spring Data JPA repositories in DEFAULT mode.
11:55:23.089 INFO  [main]o.s.d.r.config.RepositoryConfigurationDelegate - Finished Spring Data repository scanning in 137 ms. Found 9 JPA repository interfaces.
11:55:23.774 INFO  [main]o.s.boot.web.embedded.tomcat.TomcatWebServer - Tomcat initialized with port 8080 (http)
11:55:23.796 INFO  [main]org.apache.coyote.http11.Http11NioProtocol - Initializing ProtocolHandler ["http-nio-8080"]
11:55:23.798 INFO  [main]org.apache.catalina.core.StandardService - Starting service [Tomcat]
11:55:23.798 INFO  [main]org.apache.catalina.core.StandardEngine - Starting Servlet engine: [Apache Tomcat/10.1.44]
11:55:23.879 INFO  [main]o.a.c.core.ContainerBase.[Tomcat].[localhost].[/] - Initializing Spring embedded WebApplicationContext
11:55:23.879 INFO  [main]o.s.b.w.s.c.ServletWebServerApplicationContext - Root WebApplicationContext: initialization completed in 1793 ms
11:55:24.124 INFO  [main]org.hibernate.jpa.internal.util.LogHelper - HHH000204: Processing PersistenceUnitInfo [name: default]
11:55:24.182 INFO  [main]org.hibernate.Version - HHH000412: Hibernate ORM core version 6.6.26.Final
11:55:24.220 INFO  [main]o.hibernate.cache.internal.RegionFactoryInitiator - HHH000026: Second-level cache disabled
11:55:24.478 INFO  [main]o.s.o.j.persistenceunit.SpringPersistenceUnitInfo - No LoadTimeWeaver setup: ignoring JPA class transformer
11:55:24.501 INFO  [main]com.zaxxer.hikari.HikariDataSource - HikariPool-1 - Starting...
11:55:24.666 INFO  [main]com.zaxxer.hikari.pool.HikariPool - HikariPool-1 - Added connection com.mysql.cj.jdbc.ConnectionImpl@2d2a8819
11:55:24.668 INFO  [main]com.zaxxer.hikari.HikariDataSource - HikariPool-1 - Start completed.
11:55:24.702 WARN  [main]org.hibernate.orm.deprecation - HHH90000025: MySQL8Dialect does not need to be specified explicitly using 'hibernate.dialect' (remove the property setting and it will be selected by default)
11:55:24.702 WARN  [main]org.hibernate.orm.deprecation - HHH90000026: MySQL8Dialect has been deprecated; use org.hibernate.dialect.MySQLDialect instead
11:55:24.715 INFO  [main]org.hibernate.orm.connections.pooling - HHH10001005: Database info:
	Database JDBC URL [Connecting through datasource 'HikariDataSource (HikariPool-1)']
	Database driver: undefined/unknown
	Database version: 8.0
	Autocommit mode: undefined/unknown
	Isolation level: undefined/unknown
	Minimum pool size: undefined/unknown
	Maximum pool size: undefined/unknown
11:55:24.986 WARN  [main]org.hibernate.mapping.RootClass - HHH000038: Composite-id class does not override equals(): com.example.p01.entity.ClockDateId
11:55:24.986 WARN  [main]org.hibernate.mapping.RootClass - HHH000039: Composite-id class does not override hashCode(): com.example.p01.entity.ClockDateId
11:55:24.987 WARN  [main]org.hibernate.mapping.RootClass - HHH000038: Composite-id class does not override equals(): com.example.p01.entity.SalaryId
11:55:24.987 WARN  [main]org.hibernate.mapping.RootClass - HHH000039: Composite-id class does not override hashCode(): com.example.p01.entity.SalaryId
11:55:24.987 WARN  [main]org.hibernate.mapping.RootClass - HHH000038: Composite-id class does not override equals(): com.example.p01.entity.PreScheduleId
11:55:24.987 WARN  [main]org.hibernate.mapping.RootClass - HHH000039: Composite-id class does not override hashCode(): com.example.p01.entity.PreScheduleId
11:55:24.987 WARN  [main]org.hibernate.mapping.RootClass - HHH000038: Composite-id class does not override equals(): com.example.p01.entity.ShiftWorkId
11:55:24.987 WARN  [main]org.hibernate.mapping.RootClass - HHH000039: Composite-id class does not override hashCode(): com.example.p01.entity.ShiftWorkId
11:55:25.436 INFO  [main]o.h.e.t.jta.platform.internal.JtaPlatformInitiator - HHH000489: No JTA platform available (set 'hibernate.transaction.jta.platform' to enable JTA platform integration)
11:55:25.481 INFO  [main]o.s.orm.jpa.LocalContainerEntityManagerFactoryBean - Initialized JPA EntityManagerFactory for persistence unit 'default'
11:55:25.696 INFO  [main]o.s.data.jpa.repository.query.QueryEnhancerFactory - Hibernate is in classpath; If applicable, HQL parser will be used.
11:55:26.887 INFO  [main]com.example.p01.service.impl.NewTableServiceImpl - AI API key loaded, length=51
11:55:27.375 WARN  [main]o.s.b.a.o.j.JpaBaseConfiguration$JpaWebConfiguration - spring.jpa.open-in-view is enabled by default. Therefore, database queries may be performed during view rendering. Explicitly configure spring.jpa.open-in-view to disable this warning
11:55:27.410 WARN  [main]o.s.b.a.s.s.UserDetailsServiceAutoConfiguration - 

Using generated security password: cbf9085a-64bc-4d92-94a2-9e1ce732bc42

This generated password is for development use only. Your security configuration must be updated before running your application in production.

11:55:27.417 INFO  [main]o.s.s.c.a.a.c.InitializeUserDetailsBeanManagerConfigurer$InitializeUserDetailsManagerConfigurer - Global AuthenticationManager configured with UserDetailsService bean with name inMemoryUserDetailsManager
11:55:27.747 INFO  [main]c.b.m.e.spring.MybatisPlusApplicationContextAware - Register ApplicationContext instances org.springframework.boot.web.servlet.context.AnnotationConfigServletWebServerApplicationContext@1c3b9394
11:55:27.986 INFO  [main]org.apache.coyote.http11.Http11NioProtocol - Starting ProtocolHandler ["http-nio-8080"]
11:55:28.008 INFO  [main]o.s.boot.web.embedded.tomcat.TomcatWebServer - Tomcat started on port 8080 (http) with context path '/'
11:55:28.026 INFO  [main]com.example.p01.P01Application - Started P01Application in 6.506 seconds (process running for 6.869)
11:55:36.334 INFO  [http-nio-8080-exec-1]o.a.c.core.ContainerBase.[Tomcat].[localhost].[/] - Initializing Spring DispatcherServlet 'dispatcherServlet'
11:55:36.334 INFO  [http-nio-8080-exec-1]org.springframework.web.servlet.DispatcherServlet - Initializing Servlet 'dispatcherServlet'
11:55:36.334 INFO  [http-nio-8080-exec-1]org.springframework.web.servlet.DispatcherServlet - Completed initialization in 0 ms
14:14:18.727 WARN  [HikariPool-1:housekeeper]com.zaxxer.hikari.pool.HikariPool - HikariPool-1 - Thread starvation or clock leap detected (housekeeper delta=51s961ms549µs200ns).
14:28:47.556 WARN  [HikariPool-1:housekeeper]com.zaxxer.hikari.pool.HikariPool - HikariPool-1 - Thread starvation or clock leap detected (housekeeper delta=14m28s826ms921µs500ns).
14:36:29.764 WARN  [HikariPool-1:housekeeper]com.zaxxer.hikari.pool.HikariPool - HikariPool-1 - Thread starvation or clock leap detected (housekeeper delta=7m54s59ms886µs400ns).
17:24:18.632 WARN  [HikariPool-1:housekeeper]com.zaxxer.hikari.pool.HikariPool - HikariPool-1 - Thread starvation or clock leap detected (housekeeper delta=1m46s562ms282µs900ns).
17:57:40.780 WARN  [HikariPool-1:housekeeper]com.zaxxer.hikari.pool.HikariPool - HikariPool-1 - Thread starvation or clock leap detected (housekeeper delta=33m32s949ms888µs).
22:56:58.940 WARN  [HikariPool-1:housekeeper]com.zaxxer.hikari.pool.HikariPool - HikariPool-1 - Thread starvation or clock leap detected (housekeeper delta=15m15s496ms159µs200ns).
23:14:04.796 WARN  [HikariPool-1:housekeeper]com.zaxxer.hikari.pool.HikariPool - HikariPool-1 - Thread starvation or clock leap detected (housekeeper delta=17m16s893ms203µs100ns).
