09:48:58.774 INFO  [background-preinit]org.hibernate.validator.internal.util.Version - HV000001: Hibernate Validator 8.0.3.Final
09:48:58.827 INFO  [main]com.example.p01.P01Application - Starting P01Application using Java 21.0.7 with PID 1740 (D:\java\java_project\p01\bin\main started by we908 in D:\java\java_project\p01)
09:48:58.828 INFO  [main]com.example.p01.P01Application - No active profile set, falling back to 1 default profile: "default"
09:49:00.379 INFO  [main]o.s.d.r.config.RepositoryConfigurationDelegate - Bootstrapping Spring Data JPA repositories in DEFAULT mode.
09:49:00.567 INFO  [main]o.s.d.r.config.RepositoryConfigurationDelegate - Finished Spring Data repository scanning in 177 ms. Found 9 JPA repository interfaces.
09:49:01.449 INFO  [main]o.s.boot.web.embedded.tomcat.TomcatWebServer - Tomcat initialized with port 8080 (http)
09:49:01.471 INFO  [main]org.apache.coyote.http11.Http11NioProtocol - Initializing ProtocolHandler ["http-nio-8080"]
09:49:01.472 INFO  [main]org.apache.catalina.core.StandardService - Starting service [Tomcat]
09:49:01.472 INFO  [main]org.apache.catalina.core.StandardEngine - Starting Servlet engine: [Apache Tomcat/10.1.44]
09:49:01.558 INFO  [main]o.a.c.core.ContainerBase.[Tomcat].[localhost].[/] - Initializing Spring embedded WebApplicationContext
09:49:01.559 INFO  [main]o.s.b.w.s.c.ServletWebServerApplicationContext - Root WebApplicationContext: initialization completed in 2684 ms
09:49:01.846 INFO  [main]org.hibernate.jpa.internal.util.LogHelper - HHH000204: Processing PersistenceUnitInfo [name: default]
09:49:01.921 INFO  [main]org.hibernate.Version - HHH000412: Hibernate ORM core version 6.6.26.Final
09:49:01.975 INFO  [main]o.hibernate.cache.internal.RegionFactoryInitiator - HHH000026: Second-level cache disabled
09:49:02.319 INFO  [main]o.s.o.j.persistenceunit.SpringPersistenceUnitInfo - No LoadTimeWeaver setup: ignoring JPA class transformer
09:49:02.352 INFO  [main]com.zaxxer.hikari.HikariDataSource - HikariPool-1 - Starting...
09:49:02.540 INFO  [main]com.zaxxer.hikari.pool.HikariPool - HikariPool-1 - Added connection com.mysql.cj.jdbc.ConnectionImpl@5e360c3b
09:49:02.544 INFO  [main]com.zaxxer.hikari.HikariDataSource - HikariPool-1 - Start completed.
09:49:02.595 WARN  [main]org.hibernate.orm.deprecation - HHH90000025: MySQL8Dialect does not need to be specified explicitly using 'hibernate.dialect' (remove the property setting and it will be selected by default)
09:49:02.595 WARN  [main]org.hibernate.orm.deprecation - HHH90000026: MySQL8Dialect has been deprecated; use org.hibernate.dialect.MySQLDialect instead
09:49:02.613 INFO  [main]org.hibernate.orm.connections.pooling - HHH10001005: Database info:
	Database JDBC URL [Connecting through datasource 'HikariDataSource (HikariPool-1)']
	Database driver: undefined/unknown
	Database version: 8.0
	Autocommit mode: undefined/unknown
	Isolation level: undefined/unknown
	Minimum pool size: undefined/unknown
	Maximum pool size: undefined/unknown
09:49:02.955 WARN  [main]org.hibernate.mapping.RootClass - HHH000038: Composite-id class does not override equals(): com.example.p01.entity.ClockDateId
09:49:02.955 WARN  [main]org.hibernate.mapping.RootClass - HHH000039: Composite-id class does not override hashCode(): com.example.p01.entity.ClockDateId
09:49:02.956 WARN  [main]org.hibernate.mapping.RootClass - HHH000038: Composite-id class does not override equals(): com.example.p01.entity.SalaryId
09:49:02.956 WARN  [main]org.hibernate.mapping.RootClass - HHH000039: Composite-id class does not override hashCode(): com.example.p01.entity.SalaryId
09:49:02.956 WARN  [main]org.hibernate.mapping.RootClass - HHH000038: Composite-id class does not override equals(): com.example.p01.entity.PreScheduleId
09:49:02.956 WARN  [main]org.hibernate.mapping.RootClass - HHH000039: Composite-id class does not override hashCode(): com.example.p01.entity.PreScheduleId
09:49:02.956 WARN  [main]org.hibernate.mapping.RootClass - HHH000038: Composite-id class does not override equals(): com.example.p01.entity.ShiftWorkId
09:49:02.956 WARN  [main]org.hibernate.mapping.RootClass - HHH000039: Composite-id class does not override hashCode(): com.example.p01.entity.ShiftWorkId
09:49:03.537 INFO  [main]o.h.e.t.jta.platform.internal.JtaPlatformInitiator - HHH000489: No JTA platform available (set 'hibernate.transaction.jta.platform' to enable JTA platform integration)
09:49:03.595 INFO  [main]o.s.orm.jpa.LocalContainerEntityManagerFactoryBean - Initialized JPA EntityManagerFactory for persistence unit 'default'
09:49:03.859 INFO  [main]o.s.data.jpa.repository.query.QueryEnhancerFactory - Hibernate is in classpath; If applicable, HQL parser will be used.
09:49:05.197 INFO  [main]com.example.p01.service.impl.NewTableServiceImpl - AI API key loaded, length=51
09:49:05.709 WARN  [main]o.s.b.a.o.j.JpaBaseConfiguration$JpaWebConfiguration - spring.jpa.open-in-view is enabled by default. Therefore, database queries may be performed during view rendering. Explicitly configure spring.jpa.open-in-view to disable this warning
09:49:05.760 WARN  [main]o.s.b.a.s.s.UserDetailsServiceAutoConfiguration - 

Using generated security password: 5887af76-d807-4a69-8050-cad6e83ab3be

This generated password is for development use only. Your security configuration must be updated before running your application in production.

09:49:05.772 INFO  [main]o.s.s.c.a.a.c.InitializeUserDetailsBeanManagerConfigurer$InitializeUserDetailsManagerConfigurer - Global AuthenticationManager configured with UserDetailsService bean with name inMemoryUserDetailsManager
09:49:06.091 INFO  [main]c.b.m.e.spring.MybatisPlusApplicationContextAware - Register ApplicationContext instances org.springframework.boot.web.servlet.context.AnnotationConfigServletWebServerApplicationContext@5cbe877d
09:49:06.332 INFO  [main]org.apache.coyote.http11.Http11NioProtocol - Starting ProtocolHandler ["http-nio-8080"]
09:49:06.349 INFO  [main]o.s.boot.web.embedded.tomcat.TomcatWebServer - Tomcat started on port 8080 (http) with context path '/'
09:49:06.362 INFO  [main]com.example.p01.P01Application - Started P01Application in 8.059 seconds (process running for 8.47)
09:49:37.333 INFO  [http-nio-8080-exec-4]o.a.c.core.ContainerBase.[Tomcat].[localhost].[/] - Initializing Spring DispatcherServlet 'dispatcherServlet'
09:49:37.333 INFO  [http-nio-8080-exec-4]org.springframework.web.servlet.DispatcherServlet - Initializing Servlet 'dispatcherServlet'
09:49:37.335 INFO  [http-nio-8080-exec-4]org.springframework.web.servlet.DispatcherServlet - Completed initialization in 2 ms
13:11:28.384 WARN  [HikariPool-1:housekeeper]com.zaxxer.hikari.pool.HikariPool - HikariPool-1 - Thread starvation or clock leap detected (housekeeper delta=8m52s758ms948µs600ns).
14:07:40.544 INFO  [background-preinit]org.hibernate.validator.internal.util.Version - HV000001: Hibernate Validator 8.0.3.Final
14:07:40.591 INFO  [main]com.example.p01.P01Application - Starting P01Application using Java 21.0.7 with PID 31576 (D:\java\java_project\p01\bin\main started by we908 in D:\java\java_project\p01)
14:07:40.592 INFO  [main]com.example.p01.P01Application - No active profile set, falling back to 1 default profile: "default"
14:07:41.538 INFO  [main]o.s.d.r.config.RepositoryConfigurationDelegate - Bootstrapping Spring Data JPA repositories in DEFAULT mode.
14:07:41.688 INFO  [main]o.s.d.r.config.RepositoryConfigurationDelegate - Finished Spring Data repository scanning in 140 ms. Found 9 JPA repository interfaces.
14:07:42.371 INFO  [main]o.s.boot.web.embedded.tomcat.TomcatWebServer - Tomcat initialized with port 8080 (http)
14:07:42.388 INFO  [main]org.apache.coyote.http11.Http11NioProtocol - Initializing ProtocolHandler ["http-nio-8080"]
14:07:42.390 INFO  [main]org.apache.catalina.core.StandardService - Starting service [Tomcat]
14:07:42.391 INFO  [main]org.apache.catalina.core.StandardEngine - Starting Servlet engine: [Apache Tomcat/10.1.44]
14:07:42.465 INFO  [main]o.a.c.core.ContainerBase.[Tomcat].[localhost].[/] - Initializing Spring embedded WebApplicationContext
14:07:42.465 INFO  [main]o.s.b.w.s.c.ServletWebServerApplicationContext - Root WebApplicationContext: initialization completed in 1822 ms
14:07:42.736 INFO  [main]org.hibernate.jpa.internal.util.LogHelper - HHH000204: Processing PersistenceUnitInfo [name: default]
14:07:42.798 INFO  [main]org.hibernate.Version - HHH000412: Hibernate ORM core version 6.6.26.Final
14:07:42.841 INFO  [main]o.hibernate.cache.internal.RegionFactoryInitiator - HHH000026: Second-level cache disabled
14:07:43.102 INFO  [main]o.s.o.j.persistenceunit.SpringPersistenceUnitInfo - No LoadTimeWeaver setup: ignoring JPA class transformer
14:07:43.125 INFO  [main]com.zaxxer.hikari.HikariDataSource - HikariPool-1 - Starting...
14:07:43.279 INFO  [main]com.zaxxer.hikari.pool.HikariPool - HikariPool-1 - Added connection com.mysql.cj.jdbc.ConnectionImpl@6b64bf61
14:07:43.280 INFO  [main]com.zaxxer.hikari.HikariDataSource - HikariPool-1 - Start completed.
14:07:43.311 WARN  [main]org.hibernate.orm.deprecation - HHH90000025: MySQL8Dialect does not need to be specified explicitly using 'hibernate.dialect' (remove the property setting and it will be selected by default)
14:07:43.311 WARN  [main]org.hibernate.orm.deprecation - HHH90000026: MySQL8Dialect has been deprecated; use org.hibernate.dialect.MySQLDialect instead
14:07:43.325 INFO  [main]org.hibernate.orm.connections.pooling - HHH10001005: Database info:
	Database JDBC URL [Connecting through datasource 'HikariDataSource (HikariPool-1)']
	Database driver: undefined/unknown
	Database version: 8.0
	Autocommit mode: undefined/unknown
	Isolation level: undefined/unknown
	Minimum pool size: undefined/unknown
	Maximum pool size: undefined/unknown
14:07:43.589 WARN  [main]org.hibernate.mapping.RootClass - HHH000038: Composite-id class does not override equals(): com.example.p01.entity.ClockDateId
14:07:43.589 WARN  [main]org.hibernate.mapping.RootClass - HHH000039: Composite-id class does not override hashCode(): com.example.p01.entity.ClockDateId
14:07:43.589 WARN  [main]org.hibernate.mapping.RootClass - HHH000038: Composite-id class does not override equals(): com.example.p01.entity.SalaryId
14:07:43.589 WARN  [main]org.hibernate.mapping.RootClass - HHH000039: Composite-id class does not override hashCode(): com.example.p01.entity.SalaryId
14:07:43.589 WARN  [main]org.hibernate.mapping.RootClass - HHH000038: Composite-id class does not override equals(): com.example.p01.entity.PreScheduleId
14:07:43.589 WARN  [main]org.hibernate.mapping.RootClass - HHH000039: Composite-id class does not override hashCode(): com.example.p01.entity.PreScheduleId
14:07:43.589 WARN  [main]org.hibernate.mapping.RootClass - HHH000038: Composite-id class does not override equals(): com.example.p01.entity.ShiftWorkId
14:07:43.589 WARN  [main]org.hibernate.mapping.RootClass - HHH000039: Composite-id class does not override hashCode(): com.example.p01.entity.ShiftWorkId
14:07:44.047 INFO  [main]o.h.e.t.jta.platform.internal.JtaPlatformInitiator - HHH000489: No JTA platform available (set 'hibernate.transaction.jta.platform' to enable JTA platform integration)
14:07:44.095 INFO  [main]o.s.orm.jpa.LocalContainerEntityManagerFactoryBean - Initialized JPA EntityManagerFactory for persistence unit 'default'
14:07:44.311 INFO  [main]o.s.data.jpa.repository.query.QueryEnhancerFactory - Hibernate is in classpath; If applicable, HQL parser will be used.
14:07:45.520 INFO  [main]com.example.p01.service.impl.NewTableServiceImpl - AI API key loaded, length=51
14:07:45.990 WARN  [main]o.s.b.a.o.j.JpaBaseConfiguration$JpaWebConfiguration - spring.jpa.open-in-view is enabled by default. Therefore, database queries may be performed during view rendering. Explicitly configure spring.jpa.open-in-view to disable this warning
14:07:46.021 WARN  [main]o.s.b.a.s.s.UserDetailsServiceAutoConfiguration - 

Using generated security password: fe19ee5f-bc64-4828-9b41-952c4d132d89

This generated password is for development use only. Your security configuration must be updated before running your application in production.

14:07:46.027 INFO  [main]o.s.s.c.a.a.c.InitializeUserDetailsBeanManagerConfigurer$InitializeUserDetailsManagerConfigurer - Global AuthenticationManager configured with UserDetailsService bean with name inMemoryUserDetailsManager
14:07:46.342 INFO  [main]c.b.m.e.spring.MybatisPlusApplicationContextAware - Register ApplicationContext instances org.springframework.boot.web.servlet.context.AnnotationConfigServletWebServerApplicationContext@1c3b9394
14:07:46.510 INFO  [main]org.apache.coyote.http11.Http11NioProtocol - Starting ProtocolHandler ["http-nio-8080"]
14:07:46.524 INFO  [main]o.s.boot.web.embedded.tomcat.TomcatWebServer - Tomcat started on port 8080 (http) with context path '/'
14:07:46.536 INFO  [main]com.example.p01.P01Application - Started P01Application in 6.421 seconds (process running for 6.876)
14:07:55.616 INFO  [http-nio-8080-exec-1]o.a.c.core.ContainerBase.[Tomcat].[localhost].[/] - Initializing Spring DispatcherServlet 'dispatcherServlet'
14:07:55.618 INFO  [http-nio-8080-exec-1]org.springframework.web.servlet.DispatcherServlet - Initializing Servlet 'dispatcherServlet'
14:07:55.621 INFO  [http-nio-8080-exec-1]org.springframework.web.servlet.DispatcherServlet - Completed initialization in 3 ms
15:53:17.102 INFO  [background-preinit]org.hibernate.validator.internal.util.Version - HV000001: Hibernate Validator 8.0.3.Final
15:53:17.157 INFO  [main]com.example.p01.P01Application - Starting P01Application using Java 21.0.7 with PID 28012 (D:\java\java_project\p01\bin\main started by we908 in D:\java\java_project\p01)
15:53:17.159 INFO  [main]com.example.p01.P01Application - No active profile set, falling back to 1 default profile: "default"
15:53:18.090 INFO  [main]o.s.d.r.config.RepositoryConfigurationDelegate - Bootstrapping Spring Data JPA repositories in DEFAULT mode.
15:53:18.248 INFO  [main]o.s.d.r.config.RepositoryConfigurationDelegate - Finished Spring Data repository scanning in 149 ms. Found 9 JPA repository interfaces.
15:53:19.181 INFO  [main]o.s.boot.web.embedded.tomcat.TomcatWebServer - Tomcat initialized with port 8080 (http)
15:53:19.204 INFO  [main]org.apache.coyote.http11.Http11NioProtocol - Initializing ProtocolHandler ["http-nio-8080"]
15:53:19.206 INFO  [main]org.apache.catalina.core.StandardService - Starting service [Tomcat]
15:53:19.206 INFO  [main]org.apache.catalina.core.StandardEngine - Starting Servlet engine: [Apache Tomcat/10.1.44]
15:53:19.302 INFO  [main]o.a.c.core.ContainerBase.[Tomcat].[localhost].[/] - Initializing Spring embedded WebApplicationContext
15:53:19.302 INFO  [main]o.s.b.w.s.c.ServletWebServerApplicationContext - Root WebApplicationContext: initialization completed in 2097 ms
15:53:19.547 INFO  [main]org.hibernate.jpa.internal.util.LogHelper - HHH000204: Processing PersistenceUnitInfo [name: default]
15:53:19.623 INFO  [main]org.hibernate.Version - HHH000412: Hibernate ORM core version 6.6.26.Final
15:53:19.670 INFO  [main]o.hibernate.cache.internal.RegionFactoryInitiator - HHH000026: Second-level cache disabled
15:53:19.941 INFO  [main]o.s.o.j.persistenceunit.SpringPersistenceUnitInfo - No LoadTimeWeaver setup: ignoring JPA class transformer
15:53:19.965 INFO  [main]com.zaxxer.hikari.HikariDataSource - HikariPool-1 - Starting...
15:53:20.133 INFO  [main]com.zaxxer.hikari.pool.HikariPool - HikariPool-1 - Added connection com.mysql.cj.jdbc.ConnectionImpl@5e360c3b
15:53:20.135 INFO  [main]com.zaxxer.hikari.HikariDataSource - HikariPool-1 - Start completed.
15:53:20.168 WARN  [main]org.hibernate.orm.deprecation - HHH90000025: MySQL8Dialect does not need to be specified explicitly using 'hibernate.dialect' (remove the property setting and it will be selected by default)
15:53:20.169 WARN  [main]org.hibernate.orm.deprecation - HHH90000026: MySQL8Dialect has been deprecated; use org.hibernate.dialect.MySQLDialect instead
15:53:20.182 INFO  [main]org.hibernate.orm.connections.pooling - HHH10001005: Database info:
	Database JDBC URL [Connecting through datasource 'HikariDataSource (HikariPool-1)']
	Database driver: undefined/unknown
	Database version: 8.0
	Autocommit mode: undefined/unknown
	Isolation level: undefined/unknown
	Minimum pool size: undefined/unknown
	Maximum pool size: undefined/unknown
15:53:20.465 WARN  [main]org.hibernate.mapping.RootClass - HHH000038: Composite-id class does not override equals(): com.example.p01.entity.ClockDateId
15:53:20.465 WARN  [main]org.hibernate.mapping.RootClass - HHH000039: Composite-id class does not override hashCode(): com.example.p01.entity.ClockDateId
15:53:20.465 WARN  [main]org.hibernate.mapping.RootClass - HHH000038: Composite-id class does not override equals(): com.example.p01.entity.SalaryId
15:53:20.465 WARN  [main]org.hibernate.mapping.RootClass - HHH000039: Composite-id class does not override hashCode(): com.example.p01.entity.SalaryId
15:53:20.467 WARN  [main]org.hibernate.mapping.RootClass - HHH000038: Composite-id class does not override equals(): com.example.p01.entity.PreScheduleId
15:53:20.467 WARN  [main]org.hibernate.mapping.RootClass - HHH000039: Composite-id class does not override hashCode(): com.example.p01.entity.PreScheduleId
15:53:20.467 WARN  [main]org.hibernate.mapping.RootClass - HHH000038: Composite-id class does not override equals(): com.example.p01.entity.ShiftWorkId
15:53:20.467 WARN  [main]org.hibernate.mapping.RootClass - HHH000039: Composite-id class does not override hashCode(): com.example.p01.entity.ShiftWorkId
15:53:21.007 INFO  [main]o.h.e.t.jta.platform.internal.JtaPlatformInitiator - HHH000489: No JTA platform available (set 'hibernate.transaction.jta.platform' to enable JTA platform integration)
15:53:21.056 INFO  [main]o.s.orm.jpa.LocalContainerEntityManagerFactoryBean - Initialized JPA EntityManagerFactory for persistence unit 'default'
15:53:21.308 INFO  [main]o.s.data.jpa.repository.query.QueryEnhancerFactory - Hibernate is in classpath; If applicable, HQL parser will be used.
15:53:22.638 INFO  [main]com.example.p01.service.impl.NewTableServiceImpl - AI API key loaded, length=51
15:53:23.119 WARN  [main]o.s.b.a.o.j.JpaBaseConfiguration$JpaWebConfiguration - spring.jpa.open-in-view is enabled by default. Therefore, database queries may be performed during view rendering. Explicitly configure spring.jpa.open-in-view to disable this warning
15:53:23.155 WARN  [main]o.s.b.a.s.s.UserDetailsServiceAutoConfiguration - 

Using generated security password: 8362bcec-c0aa-4764-8ce9-790de31552cd

This generated password is for development use only. Your security configuration must be updated before running your application in production.

15:53:23.162 INFO  [main]o.s.s.c.a.a.c.InitializeUserDetailsBeanManagerConfigurer$InitializeUserDetailsManagerConfigurer - Global AuthenticationManager configured with UserDetailsService bean with name inMemoryUserDetailsManager
15:53:23.462 INFO  [main]c.b.m.e.spring.MybatisPlusApplicationContextAware - Register ApplicationContext instances org.springframework.boot.web.servlet.context.AnnotationConfigServletWebServerApplicationContext@1c3b9394
15:53:23.679 INFO  [main]org.apache.coyote.http11.Http11NioProtocol - Starting ProtocolHandler ["http-nio-8080"]
15:53:23.696 INFO  [main]o.s.boot.web.embedded.tomcat.TomcatWebServer - Tomcat started on port 8080 (http) with context path '/'
15:53:23.710 INFO  [main]com.example.p01.P01Application - Started P01Application in 7.04 seconds (process running for 7.395)
15:54:25.535 INFO  [http-nio-8080-exec-2]o.a.c.core.ContainerBase.[Tomcat].[localhost].[/] - Initializing Spring DispatcherServlet 'dispatcherServlet'
15:54:25.535 INFO  [http-nio-8080-exec-2]org.springframework.web.servlet.DispatcherServlet - Initializing Servlet 'dispatcherServlet'
15:54:25.536 INFO  [http-nio-8080-exec-2]org.springframework.web.servlet.DispatcherServlet - Completed initialization in 1 ms
16:34:46.633 WARN  [HikariPool-1:housekeeper]com.zaxxer.hikari.pool.HikariPool - HikariPool-1 - Thread starvation or clock leap detected (housekeeper delta=2m25s787ms104µs800ns).
17:07:54.160 WARN  [HikariPool-1:housekeeper]com.zaxxer.hikari.pool.HikariPool - HikariPool-1 - Thread starvation or clock leap detected (housekeeper delta=33m19s682ms133µs900ns).
