08:47:24.674 INFO  [background-preinit]org.hibernate.validator.internal.util.Version - HV000001: Hibernate Validator 8.0.3.Final
08:47:24.729 INFO  [main]com.example.p01.P01Application - Starting P01Application using Java 21.0.7 with PID 22300 (D:\java\java_project\p01\bin\main started by we908 in D:\java\java_project\p01)
08:47:24.730 INFO  [main]com.example.p01.P01Application - No active profile set, falling back to 1 default profile: "default"
08:47:25.739 INFO  [main]o.s.d.r.config.RepositoryConfigurationDelegate - Bootstrapping Spring Data JPA repositories in DEFAULT mode.
08:47:25.917 INFO  [main]o.s.d.r.config.RepositoryConfigurationDelegate - Finished Spring Data repository scanning in 167 ms. Found 9 JPA repository interfaces.
08:47:26.635 INFO  [main]o.s.boot.web.embedded.tomcat.TomcatWebServer - Tomcat initialized with port 8080 (http)
08:47:26.661 INFO  [main]org.apache.coyote.http11.Http11NioProtocol - Initializing ProtocolHandler ["http-nio-8080"]
08:47:26.664 INFO  [main]org.apache.catalina.core.StandardService - Starting service [Tomcat]
08:47:26.665 INFO  [main]org.apache.catalina.core.StandardEngine - Starting Servlet engine: [Apache Tomcat/10.1.44]
08:47:26.750 INFO  [main]o.a.c.core.ContainerBase.[Tomcat].[localhost].[/] - Initializing Spring embedded WebApplicationContext
08:47:26.751 INFO  [main]o.s.b.w.s.c.ServletWebServerApplicationContext - Root WebApplicationContext: initialization completed in 1980 ms
08:47:27.009 INFO  [main]org.hibernate.jpa.internal.util.LogHelper - HHH000204: Processing PersistenceUnitInfo [name: default]
08:47:27.074 INFO  [main]org.hibernate.Version - HHH000412: Hibernate ORM core version 6.6.26.Final
08:47:27.129 INFO  [main]o.hibernate.cache.internal.RegionFactoryInitiator - HHH000026: Second-level cache disabled
08:47:27.390 INFO  [main]o.s.o.j.persistenceunit.SpringPersistenceUnitInfo - No LoadTimeWeaver setup: ignoring JPA class transformer
08:47:27.421 INFO  [main]com.zaxxer.hikari.HikariDataSource - HikariPool-1 - Starting...
08:47:27.590 INFO  [main]com.zaxxer.hikari.pool.HikariPool - HikariPool-1 - Added connection com.mysql.cj.jdbc.ConnectionImpl@401b67a9
08:47:27.591 INFO  [main]com.zaxxer.hikari.HikariDataSource - HikariPool-1 - Start completed.
08:47:27.629 WARN  [main]org.hibernate.orm.deprecation - HHH90000025: MySQL8Dialect does not need to be specified explicitly using 'hibernate.dialect' (remove the property setting and it will be selected by default)
08:47:27.630 WARN  [main]org.hibernate.orm.deprecation - HHH90000026: MySQL8Dialect has been deprecated; use org.hibernate.dialect.MySQLDialect instead
08:47:27.646 INFO  [main]org.hibernate.orm.connections.pooling - HHH10001005: Database info:
	Database JDBC URL [Connecting through datasource 'HikariDataSource (HikariPool-1)']
	Database driver: undefined/unknown
	Database version: 8.0
	Autocommit mode: undefined/unknown
	Isolation level: undefined/unknown
	Minimum pool size: undefined/unknown
	Maximum pool size: undefined/unknown
08:47:27.980 WARN  [main]org.hibernate.mapping.RootClass - HHH000038: Composite-id class does not override equals(): com.example.p01.entity.ClockDateId
08:47:27.980 WARN  [main]org.hibernate.mapping.RootClass - HHH000039: Composite-id class does not override hashCode(): com.example.p01.entity.ClockDateId
08:47:27.980 WARN  [main]org.hibernate.mapping.RootClass - HHH000038: Composite-id class does not override equals(): com.example.p01.entity.SalaryId
08:47:27.981 WARN  [main]org.hibernate.mapping.RootClass - HHH000039: Composite-id class does not override hashCode(): com.example.p01.entity.SalaryId
08:47:27.981 WARN  [main]org.hibernate.mapping.RootClass - HHH000038: Composite-id class does not override equals(): com.example.p01.entity.PreScheduleId
08:47:27.981 WARN  [main]org.hibernate.mapping.RootClass - HHH000039: Composite-id class does not override hashCode(): com.example.p01.entity.PreScheduleId
08:47:27.981 WARN  [main]org.hibernate.mapping.RootClass - HHH000038: Composite-id class does not override equals(): com.example.p01.entity.ShiftWorkId
08:47:27.981 WARN  [main]org.hibernate.mapping.RootClass - HHH000039: Composite-id class does not override hashCode(): com.example.p01.entity.ShiftWorkId
08:47:28.711 INFO  [main]o.h.e.t.jta.platform.internal.JtaPlatformInitiator - HHH000489: No JTA platform available (set 'hibernate.transaction.jta.platform' to enable JTA platform integration)
08:47:28.802 INFO  [main]o.s.orm.jpa.LocalContainerEntityManagerFactoryBean - Initialized JPA EntityManagerFactory for persistence unit 'default'
08:47:29.146 INFO  [main]o.s.data.jpa.repository.query.QueryEnhancerFactory - Hibernate is in classpath; If applicable, HQL parser will be used.
08:47:30.634 INFO  [main]com.example.p01.service.impl.NewTableServiceImpl - AI API key loaded, length=51
08:47:31.124 WARN  [main]o.s.b.a.o.j.JpaBaseConfiguration$JpaWebConfiguration - spring.jpa.open-in-view is enabled by default. Therefore, database queries may be performed during view rendering. Explicitly configure spring.jpa.open-in-view to disable this warning
08:47:31.152 WARN  [main]o.s.b.a.s.s.UserDetailsServiceAutoConfiguration - 

Using generated security password: 094082db-5b72-4606-8c46-726eb65d5985

This generated password is for development use only. Your security configuration must be updated before running your application in production.

08:47:31.160 INFO  [main]o.s.s.c.a.a.c.InitializeUserDetailsBeanManagerConfigurer$InitializeUserDetailsManagerConfigurer - Global AuthenticationManager configured with UserDetailsService bean with name inMemoryUserDetailsManager
08:47:31.469 INFO  [main]c.b.m.e.spring.MybatisPlusApplicationContextAware - Register ApplicationContext instances org.springframework.boot.web.servlet.context.AnnotationConfigServletWebServerApplicationContext@5cbe877d
08:47:31.658 INFO  [main]org.apache.coyote.http11.Http11NioProtocol - Starting ProtocolHandler ["http-nio-8080"]
08:47:31.668 INFO  [main]o.s.boot.web.embedded.tomcat.TomcatWebServer - Tomcat started on port 8080 (http) with context path '/'
08:47:31.678 INFO  [main]com.example.p01.P01Application - Started P01Application in 7.448 seconds (process running for 7.831)
08:47:42.965 INFO  [http-nio-8080-exec-7]o.a.c.core.ContainerBase.[Tomcat].[localhost].[/] - Initializing Spring DispatcherServlet 'dispatcherServlet'
08:47:42.965 INFO  [http-nio-8080-exec-7]org.springframework.web.servlet.DispatcherServlet - Initializing Servlet 'dispatcherServlet'
08:47:42.966 INFO  [http-nio-8080-exec-7]org.springframework.web.servlet.DispatcherServlet - Completed initialization in 1 ms
09:57:29.424 INFO  [http-nio-8080-exec-1]com.example.p01.service.impl.NewTableServiceImpl - AI HTTP status: 200, Content-Type: application/json
09:57:29.427 INFO  [http-nio-8080-exec-1]com.example.p01.service.impl.NewTableServiceImpl - AI 回覆文字長度: 422
