09:04:03.076 INFO  [background-preinit]org.hibernate.validator.internal.util.Version - HV000001: Hibernate Validator 8.0.3.Final
09:04:03.183 INFO  [main]com.example.p01.P01Application - Starting P01Application using Java 21.0.7 with PID 28608 (D:\java\java_project\p01\bin\main started by we908 in D:\java\java_project\p01)
09:04:03.185 INFO  [main]com.example.p01.P01Application - No active profile set, falling back to 1 default profile: "default"
09:04:04.976 INFO  [main]o.s.d.r.config.RepositoryConfigurationDelegate - Bootstrapping Spring Data JPA repositories in DEFAULT mode.
09:04:05.271 INFO  [main]o.s.d.r.config.RepositoryConfigurationDelegate - Finished Spring Data repository scanning in 272 ms. Found 9 JPA repository interfaces.
09:04:06.840 INFO  [main]o.s.boot.web.embedded.tomcat.TomcatWebServer - Tomcat initialized with port 8080 (http)
09:04:06.874 INFO  [main]org.apache.coyote.http11.Http11NioProtocol - Initializing ProtocolHandler ["http-nio-8080"]
09:04:06.879 INFO  [main]org.apache.catalina.core.StandardService - Starting service [Tomcat]
09:04:06.880 INFO  [main]org.apache.catalina.core.StandardEngine - Starting Servlet engine: [Apache Tomcat/10.1.44]
09:04:07.039 INFO  [main]o.a.c.core.ContainerBase.[Tomcat].[localhost].[/] - Initializing Spring embedded WebApplicationContext
09:04:07.040 INFO  [main]o.s.b.w.s.c.ServletWebServerApplicationContext - Root WebApplicationContext: initialization completed in 3774 ms
09:04:07.498 INFO  [main]org.hibernate.jpa.internal.util.LogHelper - HHH000204: Processing PersistenceUnitInfo [name: default]
09:04:07.693 INFO  [main]org.hibernate.Version - HHH000412: Hibernate ORM core version 6.6.26.Final
09:04:07.800 INFO  [main]o.hibernate.cache.internal.RegionFactoryInitiator - HHH000026: Second-level cache disabled
09:04:08.283 INFO  [main]o.s.o.j.persistenceunit.SpringPersistenceUnitInfo - No LoadTimeWeaver setup: ignoring JPA class transformer
09:04:08.323 INFO  [main]com.zaxxer.hikari.HikariDataSource - HikariPool-1 - Starting...
09:04:08.624 INFO  [main]com.zaxxer.hikari.pool.HikariPool - HikariPool-1 - Added connection com.mysql.cj.jdbc.ConnectionImpl@2d2a8819
09:04:08.627 INFO  [main]com.zaxxer.hikari.HikariDataSource - HikariPool-1 - Start completed.
09:04:08.694 WARN  [main]org.hibernate.orm.deprecation - HHH90000025: MySQL8Dialect does not need to be specified explicitly using 'hibernate.dialect' (remove the property setting and it will be selected by default)
09:04:08.695 WARN  [main]org.hibernate.orm.deprecation - HHH90000026: MySQL8Dialect has been deprecated; use org.hibernate.dialect.MySQLDialect instead
09:04:08.731 INFO  [main]org.hibernate.orm.connections.pooling - HHH10001005: Database info:
	Database JDBC URL [Connecting through datasource 'HikariDataSource (HikariPool-1)']
	Database driver: undefined/unknown
	Database version: 8.0
	Autocommit mode: undefined/unknown
	Isolation level: undefined/unknown
	Minimum pool size: undefined/unknown
	Maximum pool size: undefined/unknown
09:04:09.618 WARN  [main]org.hibernate.mapping.RootClass - HHH000038: Composite-id class does not override equals(): com.example.p01.entity.ClockDateId
09:04:09.618 WARN  [main]org.hibernate.mapping.RootClass - HHH000039: Composite-id class does not override hashCode(): com.example.p01.entity.ClockDateId
09:04:09.619 WARN  [main]org.hibernate.mapping.RootClass - HHH000038: Composite-id class does not override equals(): com.example.p01.entity.SalaryId
09:04:09.620 WARN  [main]org.hibernate.mapping.RootClass - HHH000039: Composite-id class does not override hashCode(): com.example.p01.entity.SalaryId
09:04:09.620 WARN  [main]org.hibernate.mapping.RootClass - HHH000038: Composite-id class does not override equals(): com.example.p01.entity.PreScheduleId
09:04:09.620 WARN  [main]org.hibernate.mapping.RootClass - HHH000039: Composite-id class does not override hashCode(): com.example.p01.entity.PreScheduleId
09:04:09.621 WARN  [main]org.hibernate.mapping.RootClass - HHH000038: Composite-id class does not override equals(): com.example.p01.entity.ShiftWorkId
09:04:09.621 WARN  [main]org.hibernate.mapping.RootClass - HHH000039: Composite-id class does not override hashCode(): com.example.p01.entity.ShiftWorkId
09:04:10.739 INFO  [main]o.h.e.t.jta.platform.internal.JtaPlatformInitiator - HHH000489: No JTA platform available (set 'hibernate.transaction.jta.platform' to enable JTA platform integration)
09:04:10.847 INFO  [main]o.s.orm.jpa.LocalContainerEntityManagerFactoryBean - Initialized JPA EntityManagerFactory for persistence unit 'default'
09:04:11.485 INFO  [main]o.s.data.jpa.repository.query.QueryEnhancerFactory - Hibernate is in classpath; If applicable, HQL parser will be used.
09:04:13.221 INFO  [main]com.example.p01.service.impl.NewTableServiceImpl - AI API key loaded, length=51
09:04:13.721 WARN  [main]o.s.b.a.o.j.JpaBaseConfiguration$JpaWebConfiguration - spring.jpa.open-in-view is enabled by default. Therefore, database queries may be performed during view rendering. Explicitly configure spring.jpa.open-in-view to disable this warning
09:04:13.756 WARN  [main]o.s.b.a.s.s.UserDetailsServiceAutoConfiguration - 

Using generated security password: 96a24c15-6e22-42fe-aa3b-0ef8d639bf85

This generated password is for development use only. Your security configuration must be updated before running your application in production.

09:04:13.765 INFO  [main]o.s.s.c.a.a.c.InitializeUserDetailsBeanManagerConfigurer$InitializeUserDetailsManagerConfigurer - Global AuthenticationManager configured with UserDetailsService bean with name inMemoryUserDetailsManager
09:04:14.086 INFO  [main]c.b.m.e.spring.MybatisPlusApplicationContextAware - Register ApplicationContext instances org.springframework.boot.web.servlet.context.AnnotationConfigServletWebServerApplicationContext@5cbe877d
09:04:14.288 INFO  [main]org.apache.coyote.http11.Http11NioProtocol - Starting ProtocolHandler ["http-nio-8080"]
09:04:14.304 INFO  [main]o.s.boot.web.embedded.tomcat.TomcatWebServer - Tomcat started on port 8080 (http) with context path '/'
09:04:14.322 INFO  [main]com.example.p01.P01Application - Started P01Application in 12.426 seconds (process running for 14.696)
09:04:25.507 INFO  [http-nio-8080-exec-1]o.a.c.core.ContainerBase.[Tomcat].[localhost].[/] - Initializing Spring DispatcherServlet 'dispatcherServlet'
09:04:25.507 INFO  [http-nio-8080-exec-1]org.springframework.web.servlet.DispatcherServlet - Initializing Servlet 'dispatcherServlet'
09:04:25.514 INFO  [http-nio-8080-exec-1]org.springframework.web.servlet.DispatcherServlet - Completed initialization in 7 ms
09:53:59.252 INFO  [http-nio-8080-exec-3]com.example.p01.service.impl.NewTableServiceImpl - AI HTTP status: 200, Content-Type: application/json
09:53:59.257 INFO  [http-nio-8080-exec-3]com.example.p01.service.impl.NewTableServiceImpl - AI 回覆文字長度: 383
11:58:50.217 INFO  [http-nio-8080-exec-5]com.example.p01.service.impl.NewTableServiceImpl - AI HTTP status: 200, Content-Type: application/json
11:58:50.218 INFO  [http-nio-8080-exec-5]com.example.p01.service.impl.NewTableServiceImpl - AI 回覆文字長度: 373
11:59:15.904 INFO  [http-nio-8080-exec-2]com.example.p01.service.impl.NewTableServiceImpl - AI HTTP status: 200, Content-Type: application/json
11:59:15.904 INFO  [http-nio-8080-exec-2]com.example.p01.service.impl.NewTableServiceImpl - AI 回覆文字長度: 311
11:59:56.393 INFO  [http-nio-8080-exec-8]com.example.p01.service.impl.NewTableServiceImpl - AI HTTP status: 200, Content-Type: application/json
11:59:56.393 INFO  [http-nio-8080-exec-8]com.example.p01.service.impl.NewTableServiceImpl - AI 回覆文字長度: 344
12:00:12.104 INFO  [http-nio-8080-exec-2]com.example.p01.service.impl.NewTableServiceImpl - AI HTTP status: 200, Content-Type: application/json
12:00:12.104 INFO  [http-nio-8080-exec-2]com.example.p01.service.impl.NewTableServiceImpl - AI 回覆文字長度: 354
12:02:53.644 INFO  [http-nio-8080-exec-1]com.example.p01.service.impl.NewTableServiceImpl - AI HTTP status: 200, Content-Type: application/json
12:02:53.645 INFO  [http-nio-8080-exec-1]com.example.p01.service.impl.NewTableServiceImpl - AI 回覆文字長度: 398
12:29:13.038 INFO  [http-nio-8080-exec-3]com.example.p01.service.impl.NewTableServiceImpl - AI HTTP status: 200, Content-Type: application/json
12:29:13.038 INFO  [http-nio-8080-exec-3]com.example.p01.service.impl.NewTableServiceImpl - AI 回覆文字長度: 49
13:21:21.757 INFO  [http-nio-8080-exec-10]com.example.p01.service.impl.NewTableServiceImpl - AI HTTP status: 200, Content-Type: application/json
13:21:21.757 INFO  [http-nio-8080-exec-10]com.example.p01.service.impl.NewTableServiceImpl - AI 回覆文字長度: 17
13:22:34.167 INFO  [http-nio-8080-exec-1]com.example.p01.service.impl.NewTableServiceImpl - AI HTTP status: 200, Content-Type: application/json
13:22:34.167 INFO  [http-nio-8080-exec-1]com.example.p01.service.impl.NewTableServiceImpl - AI 回覆文字長度: 16
13:23:04.493 INFO  [http-nio-8080-exec-2]com.example.p01.service.impl.NewTableServiceImpl - AI HTTP status: 200, Content-Type: application/json
13:23:04.493 INFO  [http-nio-8080-exec-2]com.example.p01.service.impl.NewTableServiceImpl - AI 回覆文字長度: 14
13:23:25.236 INFO  [http-nio-8080-exec-3]com.example.p01.service.impl.NewTableServiceImpl - AI HTTP status: 200, Content-Type: application/json
13:23:25.243 INFO  [http-nio-8080-exec-3]com.example.p01.service.impl.NewTableServiceImpl - AI 回覆文字長度: 16
13:23:40.249 INFO  [http-nio-8080-exec-3]com.example.p01.service.impl.NewTableServiceImpl - AI HTTP status: 200, Content-Type: application/json
13:23:40.250 INFO  [http-nio-8080-exec-3]com.example.p01.service.impl.NewTableServiceImpl - AI 回覆文字長度: 310
13:43:19.147 WARN  [HikariPool-1:housekeeper]com.zaxxer.hikari.pool.HikariPool - HikariPool-1 - Thread starvation or clock leap detected (housekeeper delta=15m6s803ms27µs500ns).
16:10:32.831 WARN  [HikariPool-1:housekeeper]com.zaxxer.hikari.pool.HikariPool - HikariPool-1 - Thread starvation or clock leap detected (housekeeper delta=2h27m25s365ms780µs100ns).
18:10:25.689 INFO  [background-preinit]org.hibernate.validator.internal.util.Version - HV000001: Hibernate Validator 8.0.3.Final
18:10:25.738 INFO  [main]com.example.p01.P01Application - Starting P01Application using Java 21.0.7 with PID 9748 (D:\java\java_project\p01\bin\main started by we908 in D:\java\java_project\p01)
18:10:25.738 INFO  [main]com.example.p01.P01Application - No active profile set, falling back to 1 default profile: "default"
18:10:26.823 INFO  [main]o.s.d.r.config.RepositoryConfigurationDelegate - Bootstrapping Spring Data JPA repositories in DEFAULT mode.
18:10:27.049 INFO  [main]o.s.d.r.config.RepositoryConfigurationDelegate - Finished Spring Data repository scanning in 207 ms. Found 9 JPA repository interfaces.
18:10:27.956 INFO  [main]o.s.boot.web.embedded.tomcat.TomcatWebServer - Tomcat initialized with port 8080 (http)
18:10:27.976 INFO  [main]org.apache.coyote.http11.Http11NioProtocol - Initializing ProtocolHandler ["http-nio-8080"]
18:10:27.978 INFO  [main]org.apache.catalina.core.StandardService - Starting service [Tomcat]
18:10:27.978 INFO  [main]org.apache.catalina.core.StandardEngine - Starting Servlet engine: [Apache Tomcat/10.1.44]
18:10:28.080 INFO  [main]o.a.c.core.ContainerBase.[Tomcat].[localhost].[/] - Initializing Spring embedded WebApplicationContext
18:10:28.080 INFO  [main]o.s.b.w.s.c.ServletWebServerApplicationContext - Root WebApplicationContext: initialization completed in 2301 ms
18:10:28.370 INFO  [main]org.hibernate.jpa.internal.util.LogHelper - HHH000204: Processing PersistenceUnitInfo [name: default]
18:10:28.471 INFO  [main]org.hibernate.Version - HHH000412: Hibernate ORM core version 6.6.26.Final
18:10:28.525 INFO  [main]o.hibernate.cache.internal.RegionFactoryInitiator - HHH000026: Second-level cache disabled
18:10:28.857 INFO  [main]o.s.o.j.persistenceunit.SpringPersistenceUnitInfo - No LoadTimeWeaver setup: ignoring JPA class transformer
18:10:28.883 INFO  [main]com.zaxxer.hikari.HikariDataSource - HikariPool-1 - Starting...
18:10:29.080 INFO  [main]com.zaxxer.hikari.pool.HikariPool - HikariPool-1 - Added connection com.mysql.cj.jdbc.ConnectionImpl@1791e231
18:10:29.090 INFO  [main]com.zaxxer.hikari.HikariDataSource - HikariPool-1 - Start completed.
18:10:29.121 WARN  [main]org.hibernate.orm.deprecation - HHH90000025: MySQL8Dialect does not need to be specified explicitly using 'hibernate.dialect' (remove the property setting and it will be selected by default)
18:10:29.121 WARN  [main]org.hibernate.orm.deprecation - HHH90000026: MySQL8Dialect has been deprecated; use org.hibernate.dialect.MySQLDialect instead
18:10:29.153 INFO  [main]org.hibernate.orm.connections.pooling - HHH10001005: Database info:
	Database JDBC URL [Connecting through datasource 'HikariDataSource (HikariPool-1)']
	Database driver: undefined/unknown
	Database version: 8.0
	Autocommit mode: undefined/unknown
	Isolation level: undefined/unknown
	Minimum pool size: undefined/unknown
	Maximum pool size: undefined/unknown
18:10:29.551 WARN  [main]org.hibernate.mapping.RootClass - HHH000038: Composite-id class does not override equals(): com.example.p01.entity.ClockDateId
18:10:29.552 WARN  [main]org.hibernate.mapping.RootClass - HHH000039: Composite-id class does not override hashCode(): com.example.p01.entity.ClockDateId
18:10:29.552 WARN  [main]org.hibernate.mapping.RootClass - HHH000038: Composite-id class does not override equals(): com.example.p01.entity.SalaryId
18:10:29.552 WARN  [main]org.hibernate.mapping.RootClass - HHH000039: Composite-id class does not override hashCode(): com.example.p01.entity.SalaryId
18:10:29.552 WARN  [main]org.hibernate.mapping.RootClass - HHH000038: Composite-id class does not override equals(): com.example.p01.entity.PreScheduleId
18:10:29.553 WARN  [main]org.hibernate.mapping.RootClass - HHH000039: Composite-id class does not override hashCode(): com.example.p01.entity.PreScheduleId
18:10:29.553 WARN  [main]org.hibernate.mapping.RootClass - HHH000038: Composite-id class does not override equals(): com.example.p01.entity.ShiftWorkId
18:10:29.553 WARN  [main]org.hibernate.mapping.RootClass - HHH000039: Composite-id class does not override hashCode(): com.example.p01.entity.ShiftWorkId
18:10:30.178 INFO  [main]o.h.e.t.jta.platform.internal.JtaPlatformInitiator - HHH000489: No JTA platform available (set 'hibernate.transaction.jta.platform' to enable JTA platform integration)
18:10:30.242 INFO  [main]o.s.orm.jpa.LocalContainerEntityManagerFactoryBean - Initialized JPA EntityManagerFactory for persistence unit 'default'
18:10:30.518 INFO  [main]o.s.data.jpa.repository.query.QueryEnhancerFactory - Hibernate is in classpath; If applicable, HQL parser will be used.
18:10:32.079 INFO  [main]com.example.p01.service.impl.NewTableServiceImpl - AI API key loaded, length=51
18:10:32.692 WARN  [main]o.s.b.a.o.j.JpaBaseConfiguration$JpaWebConfiguration - spring.jpa.open-in-view is enabled by default. Therefore, database queries may be performed during view rendering. Explicitly configure spring.jpa.open-in-view to disable this warning
18:10:32.718 WARN  [main]o.s.b.a.s.s.UserDetailsServiceAutoConfiguration - 

Using generated security password: d97daf74-d272-4648-ab35-e4482bb77462

This generated password is for development use only. Your security configuration must be updated before running your application in production.

18:10:32.718 INFO  [main]o.s.s.c.a.a.c.InitializeUserDetailsBeanManagerConfigurer$InitializeUserDetailsManagerConfigurer - Global AuthenticationManager configured with UserDetailsService bean with name inMemoryUserDetailsManager
18:10:33.063 INFO  [main]c.b.m.e.spring.MybatisPlusApplicationContextAware - Register ApplicationContext instances org.springframework.boot.web.servlet.context.AnnotationConfigServletWebServerApplicationContext@1c3b9394
18:10:33.354 INFO  [main]org.apache.coyote.http11.Http11NioProtocol - Starting ProtocolHandler ["http-nio-8080"]
18:10:33.380 INFO  [main]o.s.boot.web.embedded.tomcat.TomcatWebServer - Tomcat started on port 8080 (http) with context path '/'
18:10:33.399 INFO  [main]com.example.p01.P01Application - Started P01Application in 8.142 seconds (process running for 8.497)
18:10:42.977 INFO  [http-nio-8080-exec-1]o.a.c.core.ContainerBase.[Tomcat].[localhost].[/] - Initializing Spring DispatcherServlet 'dispatcherServlet'
18:10:42.977 INFO  [http-nio-8080-exec-1]org.springframework.web.servlet.DispatcherServlet - Initializing Servlet 'dispatcherServlet'
18:10:42.978 INFO  [http-nio-8080-exec-1]org.springframework.web.servlet.DispatcherServlet - Completed initialization in 1 ms
18:12:26.012 INFO  [background-preinit]org.hibernate.validator.internal.util.Version - HV000001: Hibernate Validator 8.0.3.Final
18:12:26.088 INFO  [main]com.example.p01.P01Application - Starting P01Application using Java 21.0.7 with PID 19584 (D:\java\java_project\p01\bin\main started by we908 in D:\java\java_project\p01)
18:12:26.090 INFO  [main]com.example.p01.P01Application - No active profile set, falling back to 1 default profile: "default"
18:12:27.459 INFO  [main]o.s.d.r.config.RepositoryConfigurationDelegate - Bootstrapping Spring Data JPA repositories in DEFAULT mode.
18:12:27.665 INFO  [main]o.s.d.r.config.RepositoryConfigurationDelegate - Finished Spring Data repository scanning in 193 ms. Found 9 JPA repository interfaces.
18:12:28.732 INFO  [main]o.s.boot.web.embedded.tomcat.TomcatWebServer - Tomcat initialized with port 8080 (http)
18:12:28.758 INFO  [main]org.apache.coyote.http11.Http11NioProtocol - Initializing ProtocolHandler ["http-nio-8080"]
18:12:28.761 INFO  [main]org.apache.catalina.core.StandardService - Starting service [Tomcat]
18:12:28.761 INFO  [main]org.apache.catalina.core.StandardEngine - Starting Servlet engine: [Apache Tomcat/10.1.44]
18:12:28.878 INFO  [main]o.a.c.core.ContainerBase.[Tomcat].[localhost].[/] - Initializing Spring embedded WebApplicationContext
18:12:28.879 INFO  [main]o.s.b.w.s.c.ServletWebServerApplicationContext - Root WebApplicationContext: initialization completed in 2721 ms
18:12:29.296 INFO  [main]org.hibernate.jpa.internal.util.LogHelper - HHH000204: Processing PersistenceUnitInfo [name: default]
18:12:29.405 INFO  [main]org.hibernate.Version - HHH000412: Hibernate ORM core version 6.6.26.Final
18:12:29.471 INFO  [main]o.hibernate.cache.internal.RegionFactoryInitiator - HHH000026: Second-level cache disabled
18:12:29.815 INFO  [main]o.s.o.j.persistenceunit.SpringPersistenceUnitInfo - No LoadTimeWeaver setup: ignoring JPA class transformer
18:12:29.848 INFO  [main]com.zaxxer.hikari.HikariDataSource - HikariPool-1 - Starting...
18:12:30.065 INFO  [main]com.zaxxer.hikari.pool.HikariPool - HikariPool-1 - Added connection com.mysql.cj.jdbc.ConnectionImpl@227b9277
18:12:30.067 INFO  [main]com.zaxxer.hikari.HikariDataSource - HikariPool-1 - Start completed.
18:12:30.136 WARN  [main]org.hibernate.orm.deprecation - HHH90000025: MySQL8Dialect does not need to be specified explicitly using 'hibernate.dialect' (remove the property setting and it will be selected by default)
18:12:30.138 WARN  [main]org.hibernate.orm.deprecation - HHH90000026: MySQL8Dialect has been deprecated; use org.hibernate.dialect.MySQLDialect instead
18:12:30.156 INFO  [main]org.hibernate.orm.connections.pooling - HHH10001005: Database info:
	Database JDBC URL [Connecting through datasource 'HikariDataSource (HikariPool-1)']
	Database driver: undefined/unknown
	Database version: 8.0
	Autocommit mode: undefined/unknown
	Isolation level: undefined/unknown
	Minimum pool size: undefined/unknown
	Maximum pool size: undefined/unknown
18:12:30.542 WARN  [main]org.hibernate.mapping.RootClass - HHH000038: Composite-id class does not override equals(): com.example.p01.entity.ClockDateId
18:12:30.543 WARN  [main]org.hibernate.mapping.RootClass - HHH000039: Composite-id class does not override hashCode(): com.example.p01.entity.ClockDateId
18:12:30.544 WARN  [main]org.hibernate.mapping.RootClass - HHH000038: Composite-id class does not override equals(): com.example.p01.entity.SalaryId
18:12:30.544 WARN  [main]org.hibernate.mapping.RootClass - HHH000039: Composite-id class does not override hashCode(): com.example.p01.entity.SalaryId
18:12:30.544 WARN  [main]org.hibernate.mapping.RootClass - HHH000038: Composite-id class does not override equals(): com.example.p01.entity.PreScheduleId
18:12:30.544 WARN  [main]org.hibernate.mapping.RootClass - HHH000039: Composite-id class does not override hashCode(): com.example.p01.entity.PreScheduleId
18:12:30.544 WARN  [main]org.hibernate.mapping.RootClass - HHH000038: Composite-id class does not override equals(): com.example.p01.entity.ShiftWorkId
18:12:30.546 WARN  [main]org.hibernate.mapping.RootClass - HHH000039: Composite-id class does not override hashCode(): com.example.p01.entity.ShiftWorkId
18:12:31.176 INFO  [main]o.h.e.t.jta.platform.internal.JtaPlatformInitiator - HHH000489: No JTA platform available (set 'hibernate.transaction.jta.platform' to enable JTA platform integration)
18:12:31.243 INFO  [main]o.s.orm.jpa.LocalContainerEntityManagerFactoryBean - Initialized JPA EntityManagerFactory for persistence unit 'default'
18:12:31.573 INFO  [main]o.s.data.jpa.repository.query.QueryEnhancerFactory - Hibernate is in classpath; If applicable, HQL parser will be used.
18:12:33.430 INFO  [main]com.example.p01.service.impl.NewTableServiceImpl - AI API key loaded, length=51
18:12:34.070 WARN  [main]o.s.b.a.o.j.JpaBaseConfiguration$JpaWebConfiguration - spring.jpa.open-in-view is enabled by default. Therefore, database queries may be performed during view rendering. Explicitly configure spring.jpa.open-in-view to disable this warning
18:12:34.117 WARN  [main]o.s.b.a.s.s.UserDetailsServiceAutoConfiguration - 

Using generated security password: 53834adc-dcd7-4ee5-9bb7-ab3f8f6e099e

This generated password is for development use only. Your security configuration must be updated before running your application in production.

18:12:34.126 INFO  [main]o.s.s.c.a.a.c.InitializeUserDetailsBeanManagerConfigurer$InitializeUserDetailsManagerConfigurer - Global AuthenticationManager configured with UserDetailsService bean with name inMemoryUserDetailsManager
18:12:34.517 INFO  [main]c.b.m.e.spring.MybatisPlusApplicationContextAware - Register ApplicationContext instances org.springframework.boot.web.servlet.context.AnnotationConfigServletWebServerApplicationContext@1c3b9394
18:12:34.798 INFO  [main]org.apache.coyote.http11.Http11NioProtocol - Starting ProtocolHandler ["http-nio-8080"]
18:12:34.817 INFO  [main]o.s.boot.web.embedded.tomcat.TomcatWebServer - Tomcat started on port 8080 (http) with context path '/'
18:12:34.831 INFO  [main]com.example.p01.P01Application - Started P01Application in 9.432 seconds (process running for 9.888)
18:12:39.343 INFO  [http-nio-8080-exec-1]o.a.c.core.ContainerBase.[Tomcat].[localhost].[/] - Initializing Spring DispatcherServlet 'dispatcherServlet'
18:12:39.343 INFO  [http-nio-8080-exec-1]org.springframework.web.servlet.DispatcherServlet - Initializing Servlet 'dispatcherServlet'
18:12:39.343 INFO  [http-nio-8080-exec-1]org.springframework.web.servlet.DispatcherServlet - Completed initialization in 0 ms
18:13:32.575 INFO  [background-preinit]org.hibernate.validator.internal.util.Version - HV000001: Hibernate Validator 8.0.3.Final
18:13:32.624 INFO  [main]com.example.p01.P01Application - Starting P01Application using Java 21.0.7 with PID 10716 (D:\java\java_project\p01\bin\main started by we908 in D:\java\java_project\p01)
18:13:32.625 INFO  [main]com.example.p01.P01Application - No active profile set, falling back to 1 default profile: "default"
18:13:33.513 INFO  [main]o.s.d.r.config.RepositoryConfigurationDelegate - Bootstrapping Spring Data JPA repositories in DEFAULT mode.
18:13:33.660 INFO  [main]o.s.d.r.config.RepositoryConfigurationDelegate - Finished Spring Data repository scanning in 135 ms. Found 9 JPA repository interfaces.
18:13:34.458 INFO  [main]o.s.boot.web.embedded.tomcat.TomcatWebServer - Tomcat initialized with port 8080 (http)
18:13:34.474 INFO  [main]org.apache.coyote.http11.Http11NioProtocol - Initializing ProtocolHandler ["http-nio-8080"]
18:13:34.475 INFO  [main]org.apache.catalina.core.StandardService - Starting service [Tomcat]
18:13:34.476 INFO  [main]org.apache.catalina.core.StandardEngine - Starting Servlet engine: [Apache Tomcat/10.1.44]
18:13:34.543 INFO  [main]o.a.c.core.ContainerBase.[Tomcat].[localhost].[/] - Initializing Spring embedded WebApplicationContext
18:13:34.544 INFO  [main]o.s.b.w.s.c.ServletWebServerApplicationContext - Root WebApplicationContext: initialization completed in 1877 ms
18:13:34.807 INFO  [main]org.hibernate.jpa.internal.util.LogHelper - HHH000204: Processing PersistenceUnitInfo [name: default]
18:13:34.892 INFO  [main]org.hibernate.Version - HHH000412: Hibernate ORM core version 6.6.26.Final
18:13:34.944 INFO  [main]o.hibernate.cache.internal.RegionFactoryInitiator - HHH000026: Second-level cache disabled
18:13:35.231 INFO  [main]o.s.o.j.persistenceunit.SpringPersistenceUnitInfo - No LoadTimeWeaver setup: ignoring JPA class transformer
18:13:35.253 INFO  [main]com.zaxxer.hikari.HikariDataSource - HikariPool-1 - Starting...
18:13:35.415 INFO  [main]com.zaxxer.hikari.pool.HikariPool - HikariPool-1 - Added connection com.mysql.cj.jdbc.ConnectionImpl@1791e231
18:13:35.417 INFO  [main]com.zaxxer.hikari.HikariDataSource - HikariPool-1 - Start completed.
18:13:35.449 WARN  [main]org.hibernate.orm.deprecation - HHH90000025: MySQL8Dialect does not need to be specified explicitly using 'hibernate.dialect' (remove the property setting and it will be selected by default)
18:13:35.449 WARN  [main]org.hibernate.orm.deprecation - HHH90000026: MySQL8Dialect has been deprecated; use org.hibernate.dialect.MySQLDialect instead
18:13:35.462 INFO  [main]org.hibernate.orm.connections.pooling - HHH10001005: Database info:
	Database JDBC URL [Connecting through datasource 'HikariDataSource (HikariPool-1)']
	Database driver: undefined/unknown
	Database version: 8.0
	Autocommit mode: undefined/unknown
	Isolation level: undefined/unknown
	Minimum pool size: undefined/unknown
	Maximum pool size: undefined/unknown
18:13:35.715 WARN  [main]org.hibernate.mapping.RootClass - HHH000038: Composite-id class does not override equals(): com.example.p01.entity.ClockDateId
18:13:35.715 WARN  [main]org.hibernate.mapping.RootClass - HHH000039: Composite-id class does not override hashCode(): com.example.p01.entity.ClockDateId
18:13:35.715 WARN  [main]org.hibernate.mapping.RootClass - HHH000038: Composite-id class does not override equals(): com.example.p01.entity.SalaryId
18:13:35.715 WARN  [main]org.hibernate.mapping.RootClass - HHH000039: Composite-id class does not override hashCode(): com.example.p01.entity.SalaryId
18:13:35.715 WARN  [main]org.hibernate.mapping.RootClass - HHH000038: Composite-id class does not override equals(): com.example.p01.entity.PreScheduleId
18:13:35.715 WARN  [main]org.hibernate.mapping.RootClass - HHH000039: Composite-id class does not override hashCode(): com.example.p01.entity.PreScheduleId
18:13:35.715 WARN  [main]org.hibernate.mapping.RootClass - HHH000038: Composite-id class does not override equals(): com.example.p01.entity.ShiftWorkId
18:13:35.715 WARN  [main]org.hibernate.mapping.RootClass - HHH000039: Composite-id class does not override hashCode(): com.example.p01.entity.ShiftWorkId
18:13:36.160 INFO  [main]o.h.e.t.jta.platform.internal.JtaPlatformInitiator - HHH000489: No JTA platform available (set 'hibernate.transaction.jta.platform' to enable JTA platform integration)
18:13:36.204 INFO  [main]o.s.orm.jpa.LocalContainerEntityManagerFactoryBean - Initialized JPA EntityManagerFactory for persistence unit 'default'
18:13:36.428 INFO  [main]o.s.data.jpa.repository.query.QueryEnhancerFactory - Hibernate is in classpath; If applicable, HQL parser will be used.
18:13:37.695 INFO  [main]com.example.p01.service.impl.NewTableServiceImpl - AI API key loaded, length=51
18:13:38.162 WARN  [main]o.s.b.a.o.j.JpaBaseConfiguration$JpaWebConfiguration - spring.jpa.open-in-view is enabled by default. Therefore, database queries may be performed during view rendering. Explicitly configure spring.jpa.open-in-view to disable this warning
18:13:38.195 WARN  [main]o.s.b.a.s.s.UserDetailsServiceAutoConfiguration - 

Using generated security password: 7aa74cea-82af-4b45-97aa-485456b39f6f

This generated password is for development use only. Your security configuration must be updated before running your application in production.

18:13:38.204 INFO  [main]o.s.s.c.a.a.c.InitializeUserDetailsBeanManagerConfigurer$InitializeUserDetailsManagerConfigurer - Global AuthenticationManager configured with UserDetailsService bean with name inMemoryUserDetailsManager
18:13:38.490 INFO  [main]c.b.m.e.spring.MybatisPlusApplicationContextAware - Register ApplicationContext instances org.springframework.boot.web.servlet.context.AnnotationConfigServletWebServerApplicationContext@1c3b9394
18:13:38.654 INFO  [main]org.apache.coyote.http11.Http11NioProtocol - Starting ProtocolHandler ["http-nio-8080"]
18:13:38.667 INFO  [main]o.s.boot.web.embedded.tomcat.TomcatWebServer - Tomcat started on port 8080 (http) with context path '/'
18:13:38.679 INFO  [main]com.example.p01.P01Application - Started P01Application in 6.531 seconds (process running for 6.965)
18:13:48.821 INFO  [http-nio-8080-exec-1]o.a.c.core.ContainerBase.[Tomcat].[localhost].[/] - Initializing Spring DispatcherServlet 'dispatcherServlet'
18:13:48.821 INFO  [http-nio-8080-exec-1]org.springframework.web.servlet.DispatcherServlet - Initializing Servlet 'dispatcherServlet'
18:13:48.821 INFO  [http-nio-8080-exec-1]org.springframework.web.servlet.DispatcherServlet - Completed initialization in 0 ms
18:14:08.140 INFO  [background-preinit]org.hibernate.validator.internal.util.Version - HV000001: Hibernate Validator 8.0.3.Final
18:14:08.171 INFO  [main]com.example.p01.P01ApplicationTests - Starting P01ApplicationTests using Java 21.0.7 with PID 12040 (started by we908 in D:\java\java_project\p01)
18:14:08.172 INFO  [main]com.example.p01.P01ApplicationTests - No active profile set, falling back to 1 default profile: "default"
18:15:28.133 INFO  [background-preinit]org.hibernate.validator.internal.util.Version - HV000001: Hibernate Validator 8.0.3.Final
18:15:28.202 INFO  [main]com.example.p01.P01Application - Starting P01Application using Java 21.0.7 with PID 30920 (D:\java\java_project\p01\bin\main started by we908 in D:\java\java_project\p01)
18:15:28.205 INFO  [main]com.example.p01.P01Application - No active profile set, falling back to 1 default profile: "default"
18:15:30.606 INFO  [main]o.s.d.r.config.RepositoryConfigurationDelegate - Bootstrapping Spring Data JPA repositories in DEFAULT mode.
18:15:30.967 INFO  [main]o.s.d.r.config.RepositoryConfigurationDelegate - Finished Spring Data repository scanning in 343 ms. Found 9 JPA repository interfaces.
18:15:32.519 INFO  [main]o.s.boot.web.embedded.tomcat.TomcatWebServer - Tomcat initialized with port 8080 (http)
18:15:32.552 INFO  [main]org.apache.coyote.http11.Http11NioProtocol - Initializing ProtocolHandler ["http-nio-8080"]
18:15:32.556 INFO  [main]org.apache.catalina.core.StandardService - Starting service [Tomcat]
18:15:32.559 INFO  [main]org.apache.catalina.core.StandardEngine - Starting Servlet engine: [Apache Tomcat/10.1.44]
18:15:32.717 INFO  [main]o.a.c.core.ContainerBase.[Tomcat].[localhost].[/] - Initializing Spring embedded WebApplicationContext
18:15:32.717 INFO  [main]o.s.b.w.s.c.ServletWebServerApplicationContext - Root WebApplicationContext: initialization completed in 4440 ms
18:15:33.181 INFO  [main]org.hibernate.jpa.internal.util.LogHelper - HHH000204: Processing PersistenceUnitInfo [name: default]
18:15:33.303 INFO  [main]org.hibernate.Version - HHH000412: Hibernate ORM core version 6.6.26.Final
18:15:33.382 INFO  [main]o.hibernate.cache.internal.RegionFactoryInitiator - HHH000026: Second-level cache disabled
18:15:33.930 INFO  [main]o.s.o.j.persistenceunit.SpringPersistenceUnitInfo - No LoadTimeWeaver setup: ignoring JPA class transformer
18:15:33.973 INFO  [main]com.zaxxer.hikari.HikariDataSource - HikariPool-1 - Starting...
18:15:34.299 INFO  [main]com.zaxxer.hikari.pool.HikariPool - HikariPool-1 - Added connection com.mysql.cj.jdbc.ConnectionImpl@60b553f
18:15:34.299 INFO  [main]com.zaxxer.hikari.HikariDataSource - HikariPool-1 - Start completed.
18:15:34.378 WARN  [main]org.hibernate.orm.deprecation - HHH90000025: MySQL8Dialect does not need to be specified explicitly using 'hibernate.dialect' (remove the property setting and it will be selected by default)
18:15:34.378 WARN  [main]org.hibernate.orm.deprecation - HHH90000026: MySQL8Dialect has been deprecated; use org.hibernate.dialect.MySQLDialect instead
18:15:34.411 INFO  [main]org.hibernate.orm.connections.pooling - HHH10001005: Database info:
	Database JDBC URL [Connecting through datasource 'HikariDataSource (HikariPool-1)']
	Database driver: undefined/unknown
	Database version: 8.0
	Autocommit mode: undefined/unknown
	Isolation level: undefined/unknown
	Minimum pool size: undefined/unknown
	Maximum pool size: undefined/unknown
18:15:34.886 WARN  [main]org.hibernate.mapping.RootClass - HHH000038: Composite-id class does not override equals(): com.example.p01.entity.ClockDateId
18:15:34.886 WARN  [main]org.hibernate.mapping.RootClass - HHH000039: Composite-id class does not override hashCode(): com.example.p01.entity.ClockDateId
18:15:34.886 WARN  [main]org.hibernate.mapping.RootClass - HHH000038: Composite-id class does not override equals(): com.example.p01.entity.SalaryId
18:15:34.886 WARN  [main]org.hibernate.mapping.RootClass - HHH000039: Composite-id class does not override hashCode(): com.example.p01.entity.SalaryId
18:15:34.886 WARN  [main]org.hibernate.mapping.RootClass - HHH000038: Composite-id class does not override equals(): com.example.p01.entity.PreScheduleId
18:15:34.886 WARN  [main]org.hibernate.mapping.RootClass - HHH000039: Composite-id class does not override hashCode(): com.example.p01.entity.PreScheduleId
18:15:34.888 WARN  [main]org.hibernate.mapping.RootClass - HHH000038: Composite-id class does not override equals(): com.example.p01.entity.ShiftWorkId
18:15:34.888 WARN  [main]org.hibernate.mapping.RootClass - HHH000039: Composite-id class does not override hashCode(): com.example.p01.entity.ShiftWorkId
18:15:35.738 INFO  [main]o.h.e.t.jta.platform.internal.JtaPlatformInitiator - HHH000489: No JTA platform available (set 'hibernate.transaction.jta.platform' to enable JTA platform integration)
18:15:35.790 INFO  [main]o.s.orm.jpa.LocalContainerEntityManagerFactoryBean - Initialized JPA EntityManagerFactory for persistence unit 'default'
18:15:36.058 INFO  [main]o.s.data.jpa.repository.query.QueryEnhancerFactory - Hibernate is in classpath; If applicable, HQL parser will be used.
18:15:37.447 INFO  [main]com.example.p01.service.impl.NewTableServiceImpl - AI API key loaded, length=51
18:15:37.960 WARN  [main]o.s.b.a.o.j.JpaBaseConfiguration$JpaWebConfiguration - spring.jpa.open-in-view is enabled by default. Therefore, database queries may be performed during view rendering. Explicitly configure spring.jpa.open-in-view to disable this warning
18:15:37.993 WARN  [main]o.s.b.a.s.s.UserDetailsServiceAutoConfiguration - 

Using generated security password: 8548ed99-d3f9-4e14-983a-506cddb5dd5a

This generated password is for development use only. Your security configuration must be updated before running your application in production.

18:15:38.002 INFO  [main]o.s.s.c.a.a.c.InitializeUserDetailsBeanManagerConfigurer$InitializeUserDetailsManagerConfigurer - Global AuthenticationManager configured with UserDetailsService bean with name inMemoryUserDetailsManager
18:15:38.267 INFO  [main]c.b.m.e.spring.MybatisPlusApplicationContextAware - Register ApplicationContext instances org.springframework.boot.web.servlet.context.AnnotationConfigServletWebServerApplicationContext@1c3b9394
18:15:38.463 INFO  [main]org.apache.coyote.http11.Http11NioProtocol - Starting ProtocolHandler ["http-nio-8080"]
18:15:38.480 INFO  [main]o.s.boot.web.embedded.tomcat.TomcatWebServer - Tomcat started on port 8080 (http) with context path '/'
18:15:38.495 INFO  [main]com.example.p01.P01Application - Started P01Application in 11.047 seconds (process running for 11.677)
18:15:42.522 INFO  [http-nio-8080-exec-1]o.a.c.core.ContainerBase.[Tomcat].[localhost].[/] - Initializing Spring DispatcherServlet 'dispatcherServlet'
18:15:42.522 INFO  [http-nio-8080-exec-1]org.springframework.web.servlet.DispatcherServlet - Initializing Servlet 'dispatcherServlet'
18:15:42.522 INFO  [http-nio-8080-exec-1]org.springframework.web.servlet.DispatcherServlet - Completed initialization in 0 ms
