10:11:17.930 INFO  [background-preinit]org.hibernate.validator.internal.util.Version - HV000001: Hibernate Validator 8.0.3.Final
10:11:17.986 INFO  [main]com.example.p01.P01Application - Starting P01Application using Java 21.0.7 with PID 23200 (D:\java\java_project\p01\bin\main started by we908 in D:\java\java_project\p01)
10:11:17.987 INFO  [main]com.example.p01.P01Application - No active profile set, falling back to 1 default profile: "default"
10:11:19.392 INFO  [main]o.s.d.r.config.RepositoryConfigurationDelegate - Bootstrapping Spring Data JPA repositories in DEFAULT mode.
10:11:19.618 INFO  [main]o.s.d.r.config.RepositoryConfigurationDelegate - Finished Spring Data repository scanning in 224 ms. Found 9 JPA repository interfaces.
10:11:21.264 INFO  [main]o.s.boot.web.embedded.tomcat.TomcatWebServer - Tomcat initialized with port 8080 (http)
10:11:21.288 INFO  [main]org.apache.coyote.http11.Http11NioProtocol - Initializing ProtocolHandler ["http-nio-8080"]
10:11:21.288 INFO  [main]org.apache.catalina.core.StandardService - Starting service [Tomcat]
10:11:21.288 INFO  [main]org.apache.catalina.core.StandardEngine - Starting Servlet engine: [Apache Tomcat/10.1.44]
10:11:21.454 INFO  [main]o.a.c.core.ContainerBase.[Tomcat].[localhost].[/] - Initializing Spring embedded WebApplicationContext
10:11:21.455 INFO  [main]o.s.b.w.s.c.ServletWebServerApplicationContext - Root WebApplicationContext: initialization completed in 3421 ms
10:11:21.785 INFO  [main]org.hibernate.jpa.internal.util.LogHelper - HHH000204: Processing PersistenceUnitInfo [name: default]
10:11:21.869 INFO  [main]org.hibernate.Version - HHH000412: Hibernate ORM core version 6.6.26.Final
10:11:21.923 INFO  [main]o.hibernate.cache.internal.RegionFactoryInitiator - HHH000026: Second-level cache disabled
10:11:22.302 INFO  [main]o.s.o.j.persistenceunit.SpringPersistenceUnitInfo - No LoadTimeWeaver setup: ignoring JPA class transformer
10:11:22.336 INFO  [main]com.zaxxer.hikari.HikariDataSource - HikariPool-1 - Starting...
10:11:22.555 INFO  [main]com.zaxxer.hikari.pool.HikariPool - HikariPool-1 - Added connection com.mysql.cj.jdbc.ConnectionImpl@2aa811f9
10:11:22.558 INFO  [main]com.zaxxer.hikari.HikariDataSource - HikariPool-1 - Start completed.
10:11:22.615 WARN  [main]org.hibernate.orm.deprecation - HHH90000025: MySQL8Dialect does not need to be specified explicitly using 'hibernate.dialect' (remove the property setting and it will be selected by default)
10:11:22.616 WARN  [main]org.hibernate.orm.deprecation - HHH90000026: MySQL8Dialect has been deprecated; use org.hibernate.dialect.MySQLDialect instead
10:11:22.635 INFO  [main]org.hibernate.orm.connections.pooling - HHH10001005: Database info:
	Database JDBC URL [Connecting through datasource 'HikariDataSource (HikariPool-1)']
	Database driver: undefined/unknown
	Database version: 8.0
	Autocommit mode: undefined/unknown
	Isolation level: undefined/unknown
	Minimum pool size: undefined/unknown
	Maximum pool size: undefined/unknown
10:11:23.023 WARN  [main]org.hibernate.mapping.RootClass - HHH000038: Composite-id class does not override equals(): com.example.p01.entity.ClockDateId
10:11:23.023 WARN  [main]org.hibernate.mapping.RootClass - HHH000039: Composite-id class does not override hashCode(): com.example.p01.entity.ClockDateId
10:11:23.023 WARN  [main]org.hibernate.mapping.RootClass - HHH000038: Composite-id class does not override equals(): com.example.p01.entity.SalaryId
10:11:23.023 WARN  [main]org.hibernate.mapping.RootClass - HHH000039: Composite-id class does not override hashCode(): com.example.p01.entity.SalaryId
10:11:23.023 WARN  [main]org.hibernate.mapping.RootClass - HHH000038: Composite-id class does not override equals(): com.example.p01.entity.PreScheduleId
10:11:23.023 WARN  [main]org.hibernate.mapping.RootClass - HHH000039: Composite-id class does not override hashCode(): com.example.p01.entity.PreScheduleId
10:11:23.024 WARN  [main]org.hibernate.mapping.RootClass - HHH000038: Composite-id class does not override equals(): com.example.p01.entity.ShiftWorkId
10:11:23.024 WARN  [main]org.hibernate.mapping.RootClass - HHH000039: Composite-id class does not override hashCode(): com.example.p01.entity.ShiftWorkId
10:11:23.687 INFO  [main]o.h.e.t.jta.platform.internal.JtaPlatformInitiator - HHH000489: No JTA platform available (set 'hibernate.transaction.jta.platform' to enable JTA platform integration)
10:11:23.737 INFO  [main]o.s.orm.jpa.LocalContainerEntityManagerFactoryBean - Initialized JPA EntityManagerFactory for persistence unit 'default'
10:11:24.039 INFO  [main]o.s.data.jpa.repository.query.QueryEnhancerFactory - Hibernate is in classpath; If applicable, HQL parser will be used.
10:11:25.877 INFO  [main]com.example.p01.service.impl.NewTableServiceImpl - AI API key loaded, length=51
10:11:26.539 WARN  [main]o.s.b.a.o.j.JpaBaseConfiguration$JpaWebConfiguration - spring.jpa.open-in-view is enabled by default. Therefore, database queries may be performed during view rendering. Explicitly configure spring.jpa.open-in-view to disable this warning
10:11:26.593 WARN  [main]o.s.b.a.s.s.UserDetailsServiceAutoConfiguration - 

Using generated security password: 45d7e9ab-ac93-4af4-876f-f68272b12875

This generated password is for development use only. Your security configuration must be updated before running your application in production.

10:11:26.606 INFO  [main]o.s.s.c.a.a.c.InitializeUserDetailsBeanManagerConfigurer$InitializeUserDetailsManagerConfigurer - Global AuthenticationManager configured with UserDetailsService bean with name inMemoryUserDetailsManager
10:11:26.996 INFO  [main]c.b.m.e.spring.MybatisPlusApplicationContextAware - Register ApplicationContext instances org.springframework.boot.web.servlet.context.AnnotationConfigServletWebServerApplicationContext@5cbe877d
10:11:27.242 INFO  [main]org.apache.coyote.http11.Http11NioProtocol - Starting ProtocolHandler ["http-nio-8080"]
10:11:27.257 INFO  [main]o.s.boot.web.embedded.tomcat.TomcatWebServer - Tomcat started on port 8080 (http) with context path '/'
10:11:27.272 INFO  [main]com.example.p01.P01Application - Started P01Application in 9.792 seconds (process running for 10.191)
10:33:27.543 INFO  [http-nio-8080-exec-1]o.a.c.core.ContainerBase.[Tomcat].[localhost].[/] - Initializing Spring DispatcherServlet 'dispatcherServlet'
10:33:27.543 INFO  [http-nio-8080-exec-1]org.springframework.web.servlet.DispatcherServlet - Initializing Servlet 'dispatcherServlet'
10:33:27.544 INFO  [http-nio-8080-exec-1]org.springframework.web.servlet.DispatcherServlet - Completed initialization in 1 ms
13:02:04.232 WARN  [HikariPool-1:housekeeper]com.zaxxer.hikari.pool.HikariPool - HikariPool-1 - Thread starvation or clock leap detected (housekeeper delta=1m9s116ms353µs400ns).
13:05:17.249 WARN  [HikariPool-1:housekeeper]com.zaxxer.hikari.pool.HikariPool - HikariPool-1 - Thread starvation or clock leap detected (housekeeper delta=3m13s20ms823µs700ns).
13:35:36.474 WARN  [HikariPool-1:housekeeper]com.zaxxer.hikari.pool.HikariPool - HikariPool-1 - Thread starvation or clock leap detected (housekeeper delta=30m29s384ms76µs200ns).
15:45:51.084 INFO  [http-nio-8080-exec-1]com.example.p01.service.impl.NewTableServiceImpl - AI HTTP status: 200, Content-Type: application/json
15:45:51.091 INFO  [http-nio-8080-exec-1]com.example.p01.service.impl.NewTableServiceImpl - AI 回覆文字長度: 18
16:15:09.544 INFO  [http-nio-8080-exec-8]com.example.p01.service.impl.NewTableServiceImpl - AI HTTP status: 200, Content-Type: application/json
16:15:09.544 INFO  [http-nio-8080-exec-8]com.example.p01.service.impl.NewTableServiceImpl - AI 回覆文字長度: 13
16:23:38.339 INFO  [http-nio-8080-exec-9]com.example.p01.service.impl.NewTableServiceImpl - AI HTTP status: 200, Content-Type: application/json
16:23:38.339 INFO  [http-nio-8080-exec-9]com.example.p01.service.impl.NewTableServiceImpl - AI 回覆文字長度: 13
17:37:54.874 WARN  [HikariPool-1:housekeeper]com.zaxxer.hikari.pool.HikariPool - HikariPool-1 - Thread starvation or clock leap detected (housekeeper delta=15m15s108ms975µs900ns).
18:13:32.687 WARN  [HikariPool-1:housekeeper]com.zaxxer.hikari.pool.HikariPool - HikariPool-1 - Thread starvation or clock leap detected (housekeeper delta=35m52s887ms75µs).
18:58:02.010 WARN  [HikariPool-1:housekeeper]com.zaxxer.hikari.pool.HikariPool - HikariPool-1 - Thread starvation or clock leap detected (housekeeper delta=15m28s900ms595µs800ns).
19:44:29.058 WARN  [HikariPool-1:housekeeper]com.zaxxer.hikari.pool.HikariPool - HikariPool-1 - Thread starvation or clock leap detected (housekeeper delta=46m41s811ms833µs900ns).
